This file contains any messages produced by compilers while
running configure, to aid debugging if configure makes a mistake.

It was created by configure, which was
generated by GNU Autoconf 2.69.  Invocation command line was

  $ ./configure 

## --------- ##
## Platform. ##
## --------- ##

hostname = Venus
uname -m = x86_64
uname -r = 3.16.0-0.bpo.4-amd64
uname -s = Linux
uname -v = #1 SMP Debian 3.16.7-ckt9-3~deb8u1~bpo70+1 (2015-04-27)

/usr/bin/uname -p = unknown
/bin/uname -X     = unknown

/bin/arch              = unknown
/usr/bin/arch -k       = unknown
/usr/convex/getsysinfo = unknown
/usr/bin/hostinfo      = unknown
/bin/machine           = unknown
/usr/bin/oslevel       = unknown
/bin/universe          = unknown

PATH: /usr/local/sbin
PATH: /usr/local/bin
PATH: /usr/sbin
PATH: /usr/bin
PATH: /sbin
PATH: /bin


## ----------- ##
## Core tests. ##
## ----------- ##

configure:2212: checking for a BSD-compatible install
configure:2280: result: /usr/bin/install -c
configure:2291: checking whether build environment is sane
configure:2341: result: yes
configure:2482: checking for a thread-safe mkdir -p
configure:2521: result: /bin/mkdir -p
configure:2534: checking for gawk
configure:2550: found /usr/bin/gawk
configure:2561: result: gawk
configure:2572: checking whether make sets $(MAKE)
configure:2594: result: yes
configure:2677: checking whether to enable maintainer-specific portions of Makefiles
configure:2686: result: no
configure:2712: checking for style of include used by make
configure:2740: result: GNU
configure:2811: checking for gcc
configure:2827: found /usr/bin/gcc
configure:2838: result: gcc
configure:3067: checking for C compiler version
configure:3076: gcc --version >&5
gcc (Debian 4.7.2-5) 4.7.2
Copyright (C) 2012 Free Software Foundation, Inc.
This is free software; see the source for copying conditions.  There is NO
warranty; not even for MERCHANTABILITY or FITNESS FOR A PARTICULAR PURPOSE.

configure:3087: $? = 0
configure:3076: gcc -v >&5
Using built-in specs.
COLLECT_GCC=gcc
COLLECT_LTO_WRAPPER=/usr/lib/gcc/i486-linux-gnu/4.7/lto-wrapper
Target: i486-linux-gnu
Configured with: ../src/configure -v --with-pkgversion='Debian 4.7.2-5' --with-bugurl=file:///usr/share/doc/gcc-4.7/README.Bugs --enable-languages=c,c++,go,fortran,objc,obj-c++ --prefix=/usr --program-suffix=-4.7 --enable-shared --enable-linker-build-id --with-system-zlib --libexecdir=/usr/lib --without-included-gettext --enable-threads=posix --with-gxx-include-dir=/usr/include/c++/4.7 --libdir=/usr/lib --enable-nls --with-sysroot=/ --enable-clocale=gnu --enable-libstdcxx-debug --enable-libstdcxx-time=yes --enable-gnu-unique-object --enable-plugin --enable-objc-gc --enable-targets=all --with-arch-32=i586 --with-tune=generic --enable-checking=release --build=i486-linux-gnu --host=i486-linux-gnu --target=i486-linux-gnu
Thread model: posix
gcc version 4.7.2 (Debian 4.7.2-5) 
configure:3087: $? = 0
configure:3076: gcc -V >&5
gcc: error: unrecognized command line option '-V'
gcc: fatal error: no input files
compilation terminated.
configure:3087: $? = 4
configure:3076: gcc -qversion >&5
gcc: error: unrecognized command line option '-qversion'
gcc: fatal error: no input files
compilation terminated.
configure:3087: $? = 4
configure:3107: checking whether the C compiler works
configure:3129: gcc    conftest.c  >&5
configure:3133: $? = 0
configure:3181: result: yes
configure:3184: checking for C compiler default output file name
configure:3186: result: a.out
configure:3192: checking for suffix of executables
configure:3199: gcc -o conftest    conftest.c  >&5
configure:3203: $? = 0
configure:3225: result: 
configure:3247: checking whether we are cross compiling
configure:3255: gcc -o conftest    conftest.c  >&5
configure:3259: $? = 0
configure:3266: ./conftest
configure:3270: $? = 0
configure:3285: result: no
configure:3290: checking for suffix of object files
configure:3312: gcc -c   conftest.c >&5
configure:3316: $? = 0
configure:3337: result: o
configure:3341: checking whether we are using the GNU C compiler
configure:3360: gcc -c   conftest.c >&5
configure:3360: $? = 0
configure:3369: result: yes
configure:3378: checking whether gcc accepts -g
configure:3398: gcc -c -g  conftest.c >&5
configure:3398: $? = 0
configure:3439: result: yes
configure:3456: checking for gcc option to accept ISO C89
configure:3519: gcc  -c -g -O2  conftest.c >&5
configure:3519: $? = 0
configure:3532: result: none needed
configure:3554: checking dependency style of gcc
configure:3665: result: gcc3
configure:3681: checking for library containing strerror
configure:3712: gcc -o conftest -g -O2   conftest.c  >&5
configure:3712: $? = 0
configure:3729: result: none required
configure:3785: checking for gcc
configure:3812: result: gcc
configure:4041: checking for C compiler version
configure:4050: gcc --version >&5
gcc (Debian 4.7.2-5) 4.7.2
Copyright (C) 2012 Free Software Foundation, Inc.
This is free software; see the source for copying conditions.  There is NO
warranty; not even for MERCHANTABILITY or FITNESS FOR A PARTICULAR PURPOSE.

configure:4061: $? = 0
configure:4050: gcc -v >&5
Using built-in specs.
COLLECT_GCC=gcc
COLLECT_LTO_WRAPPER=/usr/lib/gcc/i486-linux-gnu/4.7/lto-wrapper
Target: i486-linux-gnu
Configured with: ../src/configure -v --with-pkgversion='Debian 4.7.2-5' --with-bugurl=file:///usr/share/doc/gcc-4.7/README.Bugs --enable-languages=c,c++,go,fortran,objc,obj-c++ --prefix=/usr --program-suffix=-4.7 --enable-shared --enable-linker-build-id --with-system-zlib --libexecdir=/usr/lib --without-included-gettext --enable-threads=posix --with-gxx-include-dir=/usr/include/c++/4.7 --libdir=/usr/lib --enable-nls --with-sysroot=/ --enable-clocale=gnu --enable-libstdcxx-debug --enable-libstdcxx-time=yes --enable-gnu-unique-object --enable-plugin --enable-objc-gc --enable-targets=all --with-arch-32=i586 --with-tune=generic --enable-checking=release --build=i486-linux-gnu --host=i486-linux-gnu --target=i486-linux-gnu
Thread model: posix
gcc version 4.7.2 (Debian 4.7.2-5) 
configure:4061: $? = 0
configure:4050: gcc -V >&5
gcc: error: unrecognized command line option '-V'
gcc: fatal error: no input files
compilation terminated.
configure:4061: $? = 4
configure:4050: gcc -qversion >&5
gcc: error: unrecognized command line option '-qversion'
gcc: fatal error: no input files
compilation terminated.
configure:4061: $? = 4
configure:4065: checking whether we are using the GNU C compiler
configure:4093: result: yes
configure:4102: checking whether gcc accepts -g
configure:4163: result: yes
configure:4180: checking for gcc option to accept ISO C89
configure:4256: result: none needed
configure:4278: checking dependency style of gcc
configure:4389: result: gcc3
configure:4452: checking for gcc
configure:4479: result: gcc
configure:4708: checking for C compiler version
configure:4717: gcc --version >&5
gcc (Debian 4.7.2-5) 4.7.2
Copyright (C) 2012 Free Software Foundation, Inc.
This is free software; see the source for copying conditions.  There is NO
warranty; not even for MERCHANTABILITY or FITNESS FOR A PARTICULAR PURPOSE.

configure:4728: $? = 0
configure:4717: gcc -v >&5
Using built-in specs.
COLLECT_GCC=gcc
COLLECT_LTO_WRAPPER=/usr/lib/gcc/i486-linux-gnu/4.7/lto-wrapper
Target: i486-linux-gnu
Configured with: ../src/configure -v --with-pkgversion='Debian 4.7.2-5' --with-bugurl=file:///usr/share/doc/gcc-4.7/README.Bugs --enable-languages=c,c++,go,fortran,objc,obj-c++ --prefix=/usr --program-suffix=-4.7 --enable-shared --enable-linker-build-id --with-system-zlib --libexecdir=/usr/lib --without-included-gettext --enable-threads=posix --with-gxx-include-dir=/usr/include/c++/4.7 --libdir=/usr/lib --enable-nls --with-sysroot=/ --enable-clocale=gnu --enable-libstdcxx-debug --enable-libstdcxx-time=yes --enable-gnu-unique-object --enable-plugin --enable-objc-gc --enable-targets=all --with-arch-32=i586 --with-tune=generic --enable-checking=release --build=i486-linux-gnu --host=i486-linux-gnu --target=i486-linux-gnu
Thread model: posix
gcc version 4.7.2 (Debian 4.7.2-5) 
configure:4728: $? = 0
configure:4717: gcc -V >&5
gcc: error: unrecognized command line option '-V'
gcc: fatal error: no input files
compilation terminated.
configure:4728: $? = 4
configure:4717: gcc -qversion >&5
gcc: error: unrecognized command line option '-qversion'
gcc: fatal error: no input files
compilation terminated.
configure:4728: $? = 4
configure:4732: checking whether we are using the GNU C compiler
configure:4760: result: yes
configure:4769: checking whether gcc accepts -g
configure:4830: result: yes
configure:4847: checking for gcc option to accept ISO C89
configure:4923: result: none needed
configure:4945: checking dependency style of gcc
configure:5056: result: gcc3
configure:5079: checking how to run the C preprocessor
configure:5110: gcc -E  conftest.c
configure:5110: $? = 0
configure:5124: gcc -E  conftest.c
conftest.c:11:28: fatal error: ac_nonexistent.h: No such file or directory
compilation terminated.
configure:5124: $? = 1
configure: failed program was:
| /* confdefs.h */
| #define PACKAGE_NAME ""
| #define PACKAGE_TARNAME ""
| #define PACKAGE_VERSION ""
| #define PACKAGE_STRING ""
| #define PACKAGE_BUGREPORT ""
| #define PACKAGE_URL ""
| #define PACKAGE "datetimeconf"
| #define VERSION "0.1"
| /* end confdefs.h.  */
| #include <ac_nonexistent.h>
configure:5149: result: gcc -E
configure:5169: gcc -E  conftest.c
configure:5169: $? = 0
configure:5183: gcc -E  conftest.c
conftest.c:11:28: fatal error: ac_nonexistent.h: No such file or directory
compilation terminated.
configure:5183: $? = 1
configure: failed program was:
| /* confdefs.h */
| #define PACKAGE_NAME ""
| #define PACKAGE_TARNAME ""
| #define PACKAGE_VERSION ""
| #define PACKAGE_STRING ""
| #define PACKAGE_BUGREPORT ""
| #define PACKAGE_URL ""
| #define PACKAGE "datetimeconf"
| #define VERSION "0.1"
| /* end confdefs.h.  */
| #include <ac_nonexistent.h>
configure:5212: checking for grep that handles long lines and -e
configure:5270: result: /bin/grep
configure:5275: checking for egrep
configure:5337: result: /bin/grep -E
configure:5342: checking for ANSI C header files
configure:5362: gcc -c -g -O2  conftest.c >&5
configure:5362: $? = 0
configure:5435: gcc -o conftest -g -O2   conftest.c  >&5
configure:5435: $? = 0
configure:5435: ./conftest
configure:5435: $? = 0
configure:5446: result: yes
configure:5510: checking for pkg-config
configure:5528: found /usr/bin/pkg-config
configure:5540: result: /usr/bin/pkg-config
configure:5565: checking pkg-config is at least version 0.9.0
configure:5568: result: yes
configure:5578: checking for PACKAGE
configure:5585: $PKG_CONFIG --exists --print-errors "$pkg_modules"
configure:5588: $? = 0
configure:5602: $PKG_CONFIG --exists --print-errors "$pkg_modules"
configure:5605: $? = 0
configure:5663: result: yes
configure:5683: checking for sys/types.h
configure:5683: gcc -c -g -O2  conftest.c >&5
configure:5683: $? = 0
configure:5683: result: yes
configure:5683: checking for sys/stat.h
configure:5683: gcc -c -g -O2  conftest.c >&5
configure:5683: $? = 0
configure:5683: result: yes
configure:5683: checking for stdlib.h
configure:5683: gcc -c -g -O2  conftest.c >&5
configure:5683: $? = 0
configure:5683: result: yes
configure:5683: checking for string.h
configure:5683: gcc -c -g -O2  conftest.c >&5
configure:5683: $? = 0
configure:5683: result: yes
configure:5683: checking for memory.h
configure:5683: gcc -c -g -O2  conftest.c >&5
configure:5683: $? = 0
configure:5683: result: yes
configure:5683: checking for strings.h
configure:5683: gcc -c -g -O2  conftest.c >&5
configure:5683: $? = 0
configure:5683: result: yes
configure:5683: checking for inttypes.h
configure:5683: gcc -c -g -O2  conftest.c >&5
configure:5683: $? = 0
configure:5683: result: yes
configure:5683: checking for stdint.h
configure:5683: gcc -c -g -O2  conftest.c >&5
configure:5683: $? = 0
configure:5683: result: yes
configure:5683: checking for unistd.h
configure:5683: gcc -c -g -O2  conftest.c >&5
configure:5683: $? = 0
configure:5683: result: yes
configure:5698: checking locale.h usability
configure:5698: gcc -c -g -O2  conftest.c >&5
configure:5698: $? = 0
configure:5698: result: yes
configure:5698: checking locale.h presence
configure:5698: gcc -E  conftest.c
configure:5698: $? = 0
configure:5698: result: yes
configure:5698: checking for locale.h
configure:5698: result: yes
configure:5709: checking for LC_MESSAGES
configure:5725: gcc -o conftest -g -O2   conftest.c  >&5
configure:5725: $? = 0
configure:5733: result: yes
configure:5750: checking libintl.h usability
configure:5750: gcc -c -g -O2  conftest.c >&5
configure:5750: $? = 0
configure:5750: result: yes
configure:5750: checking libintl.h presence
configure:5750: gcc -E  conftest.c
configure:5750: $? = 0
configure:5750: result: yes
configure:5750: checking for libintl.h
configure:5750: result: yes
configure:5758: checking for ngettext in libc
configure:5776: gcc -o conftest -g -O2   conftest.c  >&5
configure:5776: $? = 0
configure:5785: result: yes
configure:5789: checking for dgettext in libc
configure:5807: gcc -o conftest -g -O2   conftest.c  >&5
configure:5807: $? = 0
configure:5816: result: yes
configure:5823: checking for bind_textdomain_codeset
configure:5823: gcc -o conftest -g -O2   conftest.c  >&5
configure:5823: $? = 0
configure:5823: result: yes
configure:6099: checking for msgfmt
configure:6126: result: /usr/bin/msgfmt
configure:6137: checking for dcgettext
configure:6137: gcc -o conftest -g -O2   conftest.c   >&5
conftest.c:49:6: warning: conflicting types for built-in function 'dcgettext' [enabled by default]
configure:6137: $? = 0
configure:6137: result: yes
configure:6147: checking if msgfmt accepts -c
configure:6162: $MSGFMT -c -o /dev/null conftest.foo
configure:6165: $? = 0
configure:6167: result: yes
configure:6177: checking for gmsgfmt
configure:6208: result: /usr/bin/msgfmt
configure:6218: checking for xgettext
configure:6245: result: /usr/bin/xgettext
configure:6264: gcc -o conftest -g -O2   conftest.c   >&5
configure:6264: $? = 0
configure:6548: creating ./config.status

## ---------------------- ##
## Running config.status. ##
## ---------------------- ##

This file was extended by config.status, which was
generated by GNU Autoconf 2.69.  Invocation command line was

  CONFIG_FILES    = 
  CONFIG_HEADERS  = 
  CONFIG_LINKS    = 
  CONFIG_COMMANDS = 
  $ ./config.status 

on Venus

config.status:887: creating Makefile
config.status:887: creating src/Makefile
config.status:887: creating po/Makefile.in
config.status:887: creating config.h
config.status:1068: config.h is unchanged
config.status:1116: executing depfiles commands
config.status:1116: executing default-1 commands

## ---------------- ##
## Cache variables. ##
## ---------------- ##

ac_cv_c_compiler_gnu=yes
ac_cv_env_CC_set=
ac_cv_env_CC_value=
ac_cv_env_CFLAGS_set=
ac_cv_env_CFLAGS_value=
ac_cv_env_CPPFLAGS_set=
ac_cv_env_CPPFLAGS_value=
ac_cv_env_CPP_set=
ac_cv_env_CPP_value=
ac_cv_env_LDFLAGS_set=
ac_cv_env_LDFLAGS_value=
ac_cv_env_LIBS_set=
ac_cv_env_LIBS_value=
ac_cv_env_PACKAGE_CFLAGS_set=
ac_cv_env_PACKAGE_CFLAGS_value=
ac_cv_env_PACKAGE_LIBS_set=
ac_cv_env_PACKAGE_LIBS_value=
ac_cv_env_PKG_CONFIG_LIBDIR_set=
ac_cv_env_PKG_CONFIG_LIBDIR_value=
ac_cv_env_PKG_CONFIG_PATH_set=
ac_cv_env_PKG_CONFIG_PATH_value=
ac_cv_env_PKG_CONFIG_set=
ac_cv_env_PKG_CONFIG_value=
ac_cv_env_build_alias_set=
ac_cv_env_build_alias_value=
ac_cv_env_host_alias_set=
ac_cv_env_host_alias_value=
ac_cv_env_target_alias_set=
ac_cv_env_target_alias_value=
ac_cv_func_bind_textdomain_codeset=yes
ac_cv_func_dcgettext=yes
ac_cv_header_inttypes_h=yes
ac_cv_header_libintl_h=yes
ac_cv_header_locale_h=yes
ac_cv_header_memory_h=yes
ac_cv_header_stdc=yes
ac_cv_header_stdint_h=yes
ac_cv_header_stdlib_h=yes
ac_cv_header_string_h=yes
ac_cv_header_strings_h=yes
ac_cv_header_sys_stat_h=yes
ac_cv_header_sys_types_h=yes
ac_cv_header_unistd_h=yes
ac_cv_objext=o
ac_cv_path_EGREP='/bin/grep -E'
ac_cv_path_GMSGFMT=/usr/bin/msgfmt
ac_cv_path_GREP=/bin/grep
ac_cv_path_MSGFMT=/usr/bin/msgfmt
ac_cv_path_XGETTEXT=/usr/bin/xgettext
ac_cv_path_ac_pt_PKG_CONFIG=/usr/bin/pkg-config
ac_cv_path_install='/usr/bin/install -c'
ac_cv_path_mkdir=/bin/mkdir
ac_cv_prog_AWK=gawk
ac_cv_prog_CPP='gcc -E'
ac_cv_prog_ac_ct_CC=gcc
ac_cv_prog_cc_c89=
ac_cv_prog_cc_g=yes
ac_cv_prog_make_make_set=yes
ac_cv_search_strerror='none required'
am_cv_CC_dependencies_compiler_type=gcc3
am_cv_prog_cc_stdc=
am_cv_val_LC_MESSAGES=yes
gt_cv_func_dgettext_libc=yes
gt_cv_func_dgettext_libintl=no
gt_cv_func_ngettext_libc=yes
gt_cv_have_gettext=yes
pkg_cv_PACKAGE_CFLAGS='-pthread -I/usr/include/gtk-2.0 -I/usr/lib/i386-linux-gnu/gtk-2.0/include -I/usr/include/atk-1.0 -I/usr/include/cairo -I/usr/include/gdk-pixbuf-2.0 -I/usr/include/pango-1.0 -I/usr/include/gio-unix-2.0/ -I/usr/include/glib-2.0 -I/usr/lib/i386-linux-gnu/glib-2.0/include -I/usr/include/pixman-1 -I/usr/include/freetype2 -I/usr/include/libpng12  '
pkg_cv_PACKAGE_LIBS='-lgtk-x11-2.0 -lgdk-x11-2.0 -latk-1.0 -lgio-2.0 -lpangoft2-1.0 -lpangocairo-1.0 -lgdk_pixbuf-2.0 -lcairo -lpango-1.0 -lfreetype -lfontconfig -lgobject-2.0 -lglib-2.0  '

## ----------------- ##
## Output variables. ##
## ----------------- ##

ACLOCAL='${SHELL} /home/thana/Data/sources/gits/github/Elive/datetimeconf/missing --run aclocal-1.11'
AMDEPBACKSLASH='\'
AMDEP_FALSE='#'
AMDEP_TRUE=''
AMTAR='$${TAR-tar}'
AUTOCONF='${SHELL} /home/thana/Data/sources/gits/github/Elive/datetimeconf/missing --run autoconf'
AUTOHEADER='${SHELL} /home/thana/Data/sources/gits/github/Elive/datetimeconf/missing --run autoheader'
AUTOMAKE='${SHELL} /home/thana/Data/sources/gits/github/Elive/datetimeconf/missing --run automake-1.11'
AWK='gawk'
CATALOGS=''
CATOBJEXT='.gmo'
CC='gcc'
CCDEPMODE='depmode=gcc3'
CFLAGS='-g -O2'
CPP='gcc -E'
CPPFLAGS=''
CYGPATH_W='echo'
DATADIRNAME='share'
DEFS='-DHAVE_CONFIG_H'
DEPDIR='.deps'
ECHO_C=''
ECHO_N='-n'
ECHO_T=''
EGREP='/bin/grep -E'
EXEEXT=''
GETTEXT_PACKAGE='datetimeconf'
GMOFILES=''
GMSGFMT='/usr/bin/msgfmt'
GREP='/bin/grep'
INSTALL_DATA='${INSTALL} -m 644'
INSTALL_PROGRAM='${INSTALL}'
INSTALL_SCRIPT='${INSTALL}'
INSTALL_STRIP_PROGRAM='$(install_sh) -c -s'
INSTOBJEXT='.mo'
INTLLIBS=''
LDFLAGS=''
LIBOBJS=''
LIBS=''
LTLIBOBJS=''
MAINT='#'
MAINTAINER_MODE_FALSE=''
MAINTAINER_MODE_TRUE='#'
MAKEINFO='${SHELL} /home/thana/Data/sources/gits/github/Elive/datetimeconf/missing --run makeinfo'
MKDIR_P='/bin/mkdir -p'
MKINSTALLDIRS='./mkinstalldirs'
MSGFMT='/usr/bin/msgfmt'
MSGFMT_OPTS='-c'
OBJEXT='o'
PACKAGE='datetimeconf'
PACKAGE_BUGREPORT=''
PACKAGE_CFLAGS='-pthread -I/usr/include/gtk-2.0 -I/usr/lib/i386-linux-gnu/gtk-2.0/include -I/usr/include/atk-1.0 -I/usr/include/cairo -I/usr/include/gdk-pixbuf-2.0 -I/usr/include/pango-1.0 -I/usr/include/gio-unix-2.0/ -I/usr/include/glib-2.0 -I/usr/lib/i386-linux-gnu/glib-2.0/include -I/usr/include/pixman-1 -I/usr/include/freetype2 -I/usr/include/libpng12  '
PACKAGE_LIBS='-lgtk-x11-2.0 -lgdk-x11-2.0 -latk-1.0 -lgio-2.0 -lpangoft2-1.0 -lpangocairo-1.0 -lgdk_pixbuf-2.0 -lcairo -lpango-1.0 -lfreetype -lfontconfig -lgobject-2.0 -lglib-2.0  '
PACKAGE_NAME=''
PACKAGE_STRING=''
PACKAGE_TARNAME=''
PACKAGE_URL=''
PACKAGE_VERSION=''
PATH_SEPARATOR=':'
PKG_CONFIG='/usr/bin/pkg-config'
PKG_CONFIG_LIBDIR=''
PKG_CONFIG_PATH=''
POFILES=''
POSUB='po'
PO_IN_DATADIR_FALSE=''
PO_IN_DATADIR_TRUE=''
SET_MAKE=''
SHELL='/bin/sh'
STRIP=''
USE_NLS='yes'
VERSION='0.1'
XGETTEXT='/usr/bin/xgettext'
ac_ct_CC='gcc'
am__EXEEXT_FALSE=''
am__EXEEXT_TRUE='#'
am__fastdepCC_FALSE='#'
am__fastdepCC_TRUE=''
am__include='include'
am__isrc=''
am__leading_dot='.'
am__nodep='_no'
am__quote=''
am__tar='$${TAR-tar} chof - "$$tardir"'
am__untar='$${TAR-tar} xf -'
bindir='${exec_prefix}/bin'
build_alias=''
datadir='${datarootdir}'
datarootdir='${prefix}/share'
docdir='${datarootdir}/doc/${PACKAGE}'
dvidir='${docdir}'
exec_prefix='${prefix}'
host_alias=''
htmldir='${docdir}'
includedir='${prefix}/include'
infodir='${datarootdir}/info'
install_sh='${SHELL} /home/thana/Data/sources/gits/github/Elive/datetimeconf/install-sh'
libdir='${exec_prefix}/lib'
libexecdir='${exec_prefix}/libexec'
localedir='${datarootdir}/locale'
localstatedir='${prefix}/var'
mandir='${datarootdir}/man'
mkdir_p='/bin/mkdir -p'
oldincludedir='/usr/include'
pdfdir='${docdir}'
prefix='/usr/local'
program_transform_name='s,x,x,'
psdir='${docdir}'
sbindir='${exec_prefix}/sbin'
sharedstatedir='${prefix}/com'
sysconfdir='${prefix}/etc'
target_alias=''

## ----------- ##
## confdefs.h. ##
## ----------- ##

/* confdefs.h */
#define PACKAGE_NAME ""
#define PACKAGE_TARNAME ""
#define PACKAGE_VERSION ""
#define PACKAGE_STRING ""
#define PACKAGE_BUGREPORT ""
#define PACKAGE_URL ""
#define PACKAGE "datetimeconf"
#define VERSION "0.1"
#define STDC_HEADERS 1
#define GETTEXT_PACKAGE "datetimeconf"
#define HAVE_SYS_TYPES_H 1
#define HAVE_SYS_STAT_H 1
#define HAVE_STDLIB_H 1
#define HAVE_STRING_H 1
#define HAVE_MEMORY_H 1
#define HAVE_STRINGS_H 1
#define HAVE_INTTYPES_H 1
#define HAVE_STDINT_H 1
#define HAVE_UNISTD_H 1
#define HAVE_LOCALE_H 1
#define HAVE_LC_MESSAGES 1
#define HAVE_BIND_TEXTDOMAIN_CODESET 1
#define HAVE_GETTEXT 1
#define HAVE_DCGETTEXT 1
#define ENABLE_NLS 1

configure: exit 0
